<?xml version="1.0" encoding="UTF-8"?>
<testng-results ignored="0" total="1" passed="1" failed="0" skipped="0">
  <reporter-output>
  </reporter-output>
  <suite started-at="2025-11-16T21:47:54 IST" name="Master Suite" finished-at="2025-11-16T21:48:09 IST" duration-ms="14793">
    <groups>
      <group name="Master">
        <method signature="TC002_LoginTest.verify_account_registration()[pri:0, instance:testCases.TC002_LoginTest@53de625d]" name="verify_account_registration" class="testCases.TC002_LoginTest"/>
      </group> <!-- Master -->
      <group name="Sanity">
        <method signature="TC002_LoginTest.verify_account_registration()[pri:0, instance:testCases.TC002_LoginTest@53de625d]" name="verify_account_registration" class="testCases.TC002_LoginTest"/>
      </group> <!-- Sanity -->
    </groups>
    <test started-at="2025-11-16T21:47:54 IST" name="Test" finished-at="2025-11-16T21:48:09 IST" duration-ms="14793">
      <class name="testCases.TC002_LoginTest">
        <test-method is-config="true" signature="setup(java.lang.String,java.lang.String)[pri:0, instance:testCases.TC002_LoginTest@53de625d]" started-at="2025-11-16T21:47:54 IST" name="setup" finished-at="2025-11-16T21:48:07 IST" duration-ms="12498" status="PASS">
          <params>
            <param index="0">
              <value>
                <![CDATA[windows]]>
              </value>
            </param>
            <param index="1">
              <value>
                <![CDATA[chrome]]>
              </value>
            </param>
          </params>
          <reporter-output>
          </reporter-output>
        </test-method> <!-- setup -->
        <test-method signature="verify_account_registration()[pri:0, instance:testCases.TC002_LoginTest@53de625d]" started-at="2025-11-16T21:48:07 IST" name="verify_account_registration" finished-at="2025-11-16T21:48:09 IST" duration-ms="1674" status="PASS">
          <reporter-output>
          </reporter-output>
        </test-method> <!-- verify_account_registration -->
        <test-method is-config="true" signature="tearDown()[pri:0, instance:testCases.TC002_LoginTest@53de625d]" started-at="2025-11-16T21:48:09 IST" name="tearDown" finished-at="2025-11-16T21:48:09 IST" duration-ms="373" status="PASS">
          <reporter-output>
          </reporter-output>
        </test-method> <!-- tearDown -->
      </class> <!-- testCases.TC002_LoginTest -->
    </test> <!-- Test -->
  </suite> <!-- Master Suite -->
</testng-results>
