<?xml version="1.0" encoding="UTF-8"?>
<!-- Generated by org.testng.reporters.JUnitReportReporter -->
<testsuite hostname="WasimSayed" failures="0" tests="2" name="testCases.TC001_AccountRegistration" time="4.092" errors="0" timestamp="2025-11-16T16:51:02 IST" skipped="0">
  <testcase classname="testCases.TC001_AccountRegistration" name="verify_account_registration" time="2.198"/>
  <testcase classname="testCases.TC001_AccountRegistration" name="verify_account_registration" time="1.894"/>
</testsuite> <!-- testCases.TC001_AccountRegistration -->
